<?xml version="1.0" encoding="UTF-8"?>
<testng-results skipped="0" failed="0" total="1" passed="1">
  <reporter-output>
  </reporter-output>
  <suite name="Surefire suite" duration-ms="53409" started-at="2016-06-13T10:55:42Z" finished-at="2016-06-13T10:56:35Z">
    <groups>
    </groups>
    <test name="Surefire test" duration-ms="53409" started-at="2016-06-13T10:55:42Z" finished-at="2016-06-13T10:56:35Z">
      <class name="com.bizweb.demo.selenium.testcases.CreateOrderBW">
        <test-method status="PASS" signature="instantiateDriverObject()[pri:0, instance:com.bizweb.demo.selenium.testcases.CreateOrderBW@6fadae5d]" name="instantiateDriverObject" is-config="true" duration-ms="16" started-at="2016-06-13T17:55:42Z" finished-at="2016-06-13T17:55:42Z">
          <reporter-output>
          </reporter-output>
        </test-method> <!-- instantiateDriverObject -->
        <test-method status="PASS" signature="createOneOrder()[pri:0, instance:com.bizweb.demo.selenium.testcases.CreateOrderBW@6fadae5d]" name="createOneOrder" duration-ms="53380" started-at="2016-06-13T17:55:42Z" finished-at="2016-06-13T17:56:35Z">
          <reporter-output>
          </reporter-output>
        </test-method> <!-- createOneOrder -->
        <test-method status="PASS" signature="clearCookies()[pri:0, instance:com.bizweb.demo.selenium.testcases.CreateOrderBW@6fadae5d]" name="clearCookies" is-config="true" duration-ms="9" started-at="2016-06-13T17:56:35Z" finished-at="2016-06-13T17:56:35Z">
          <reporter-output>
          </reporter-output>
        </test-method> <!-- clearCookies -->
        <test-method status="PASS" signature="closeDriverObjects()[pri:0, instance:com.bizweb.demo.selenium.testcases.CreateOrderBW@6fadae5d]" name="closeDriverObjects" is-config="true" duration-ms="11" started-at="2016-06-13T17:56:35Z" finished-at="2016-06-13T17:56:35Z">
          <reporter-output>
          </reporter-output>
        </test-method> <!-- closeDriverObjects -->
      </class> <!-- com.bizweb.demo.selenium.testcases.CreateOrderBW -->
    </test> <!-- Surefire test -->
  </suite> <!-- Surefire suite -->
</testng-results>
